0.000000
0.000000
0.000000
0.000000
0.007324
0.008789
0.012451
0.007324
0.008057
0.004395
0.013184
0.007324
0.005859
0.012451
0.005127
0.000000
0.006592
0.007324
0.005127
0.007324
0.012451
0.008057
0.002930
0.006592
0.021973
0.000000
0.011719
0.008057
0.025635
0.025635
0.010254
0.004395
0.010986
0.008057
0.010254
0.005859
0.000000
0.018311
0.016846
0.017578
0.017578
0.015381
0.017578
0.010986
0.013916
0.012451
0.000000
0.009521
0.012451
0.012451
0.002197
0.020508
0.021240
0.012451
0.018311
0.008789
0.013916
0.008789
0.021240
0.015381
0.025635
0.020508
0.013916
0.011719
0.014648
0.016846
0.008789
0.014648
0.010254
0.023438
0.024170
0.019775
0.021973
0.021240
0.019775
0.019043
0.019775
0.021240
0.019043
0.018311
0.011719
0.017578
0.015381
0.017578
0.013916
0.022705
0.024902
0.019775
0.027100
0.030762
0.027100
0.032959
0.043945
0.032227
0.038818
0.035889
0.039551
0.036621
0.046143
0.039551
0.038818
0.038818
0.048340
0.044678
0.054932
0.057861
0.058594
0.068115
0.068115
0.076172
0.076172
0.071777
0.082764
0.079834
0.097412
0.087158
0.084229
0.090088
0.086426
0.098877
0.095215
0.095947
0.099609
0.095215
0.110596
0.104736
0.120117
0.116455
0.127441
0.125244
0.156738
0.134033
0.143555
0.140625
0.153076
0.147217
0.167725
0.153809
0.157471
0.165527
0.169189
0.170654
0.182373
0.175781
0.189697
0.183838
0.197754
0.188232
0.199951
0.191162
0.202881
0.196289
0.200684
0.194092
0.200684
0.216064
0.202881
0.221924
0.217529
0.223389
0.224121
0.223389
0.243164
0.242432
0.241699
0.246826
0.248291
0.257080
0.246826
0.254883
0.260010
0.243164
0.276123
0.272461
0.273193
0.277588
0.285645
0.292236
0.301025
0.292236
0.296631
0.315674
0.301025
0.308350
0.320068
0.317139
0.314209
0.327393
0.335449
0.325928
0.333252
0.336182
0.350830
0.336914
0.358154
0.354492
0.333252
0.350098
0.375732
0.377197
0.358154
0.369873
0.368408
0.390381
0.379395
0.376465
0.396973
0.402100
0.400635
0.383789
0.388184
0.406494
0.415283
0.407959
0.414551
0.424072
0.430664
0.437256
0.442383
0.432861
0.436523
0.443848
0.449707
0.455566
0.457764
0.448242
0.454102
0.459229
0.460693
0.470215
0.474609
0.468750
0.468018
0.476807
0.470215
0.479736
0.491455
0.489990
0.498047
0.501709
0.501709
0.495850
0.498047
0.501709
0.516357
0.519287
0.518555
0.525146
0.529541
0.542725
0.547119
0.550781
0.555176
0.563232
0.563965
0.570557
0.570557
0.573486
0.571289
0.574219
0.580078
0.583740
0.587402
0.591064
0.585205
0.590332
0.598389
0.602783
0.599854
0.607178
0.618164
0.615234
0.626221
0.617432
0.624023
0.618896
0.630615
0.633545
0.632080
0.624756
0.635010
0.636475
0.640869
0.655518
0.662109
0.409424
0.678955
0.676025
0.677490
0.676025
0.678223
0.680420
0.687012
0.701660
0.700928
0.703857
0.702393
0.701660
0.698730
0.705322
0.721436
0.718506
0.719971
0.707520
0.713379
0.719238
0.744873
0.727295
0.747070
0.733154
0.730957
0.758057
0.759521
0.742676
0.750000
0.750000
0.775635
0.769775
0.765381
0.764648
0.784424
0.793213
0.790283
0.782959
0.801270
0.806396
0.803467
0.794678
0.818115
0.819580
0.812256
0.816650
0.828369
0.824707
0.819580
0.840820
0.837158
0.829834
0.812256
0.844482
0.836426
0.838623
0.843750
0.842285
0.848877
0.856934
0.857666
0.855469
0.864258
0.865723
0.874512
0.882568
0.867188
0.887695
0.873779
0.879639
0.892822
0.890625
0.888428
0.911133
0.906006
0.923584
0.915527
0.916992
0.926514
0.916260
0.936768
0.930176
0.940430
0.937500
0.936035
0.945557
0.940430
0.958008
0.948486
0.965332
0.957275
0.955811
0.964600
0.977051
0.958008
0.957275
0.974854
0.971924
1.000488
0.987305
0.992432
0.989502
0.996094
1.012939
1.010010
1.012939
1.014404
1.018799
1.008545
1.024658
1.026123
1.037109
1.034912
1.042236
1.054688
1.046631
1.058350
1.048096
1.060547
1.062012
1.062012
1.075928
1.064209
1.076660
1.074463
1.075195
1.088379
1.070801
1.077393
1.090576
1.070801
1.072998
1.092773
1.093506
1.102295
1.092041
1.099365
1.113281
1.100098
1.111816
1.116943
1.114014
1.120605
1.130127
1.125000
1.127197
1.149902
1.146240
1.146240
1.156494
1.166016
1.149170
1.159424
1.171143
1.167480
1.163818
1.172607
1.184326
1.169678
1.171875
1.185059
1.193115
1.179932
1.185791
1.193115
1.198975
1.191650
1.193848
1.196045
1.208496
1.206299
1.200439
1.214355
1.212158
1.238525
1.226807
1.215820
1.217285
1.226074
1.235596
1.242920
1.242188
1.248047
1.250977
1.257568
1.261230
1.269287
1.279541
1.275146
1.267822
1.266357
1.272949
1.282471
1.285400
1.291260
1.299316
1.302246
1.304443
1.296387
1.294189
1.298584
1.304443
1.307373
1.311035
1.317627
1.323486
1.327148
1.338867
1.327881
1.330078
1.322754
1.323486
1.320557
1.325684
1.330811
1.335205
1.338135
1.338135
1.342529
1.346191
1.348389
1.343994
1.338135
1.335205
1.334473
1.339600
1.341064
1.342529
1.343994
1.346191
1.350586
1.352051
1.354248
1.350586
1.340332
1.333740
1.335938
1.339600
1.342529
1.343994
1.349854
1.349121
1.345459
1.324951
1.320557
1.318359
1.322754
1.324219
1.324951
1.326416
1.316162
1.309570
1.308105
1.311768
1.313232
1.309570
1.319824
1.306641
1.300781
1.300781
1.302246
1.307373
1.311768
1.314697
1.297119
1.297119
1.297119
1.301514
1.308838
1.311768
1.302979
1.301514
1.293457
1.294189
1.294189
1.300781
1.308838
1.307373
1.302246
1.289795
1.293457
1.297119
1.298584
1.302979
1.310303
1.288330
1.285400
1.291992
1.298584
1.294189
1.300049
1.311768
1.302979
1.294922
1.291260
1.301514
1.297119
1.302246
1.308838
1.310303
1.300049
1.291260
1.293457
1.302979
1.300781
1.305176
1.308105
1.298584
1.294189
1.291260
1.296387
1.303711
1.305176
1.308838
1.304443
1.295654
1.291260
1.298584
1.297119
1.303711
1.311768
1.302979
1.291260
1.297119
1.300049
1.301514
1.300049
1.311035
1.308838
1.307373
1.296387
1.295654
1.292725
1.307373
1.302979
1.308838
1.316895
1.314697
1.294189
1.297119
1.305176
1.304443
1.311768
1.310303
1.317627
1.310303
1.308105
1.297119
1.300049
1.305908
1.301514
1.308838
1.301514
1.310303
1.298584
1.299316
1.297119
1.304443
1.307373
1.322021
1.326416
1.298584
1.302979
1.301514
1.303711
1.305908
1.310303
1.316162
1.314697
1.305176
1.303711
1.289795
1.307373
1.308105
1.307373
1.316162
1.316162
1.304443
1.294189
1.292725
1.305176
1.314697
1.314697
1.322754
1.322021
1.314697
1.302979
1.313232
1.314697
1.305908
1.316895
1.315430
1.316895
1.323486
1.313232
1.307373
1.307373
1.310303
1.319824
1.311035
1.312500
1.323486
1.323486
1.319824
1.305908
1.316162
1.314697
1.317627
1.313965
1.327881
1.329346
1.330811
1.330811
1.323486
1.324951
1.321289
1.317627
1.319824
1.335938
1.329346
1.320557
1.327881
1.323486
1.322021
1.307373
1.305176
1.299316
1.319824
1.326416
1.321289
1.330811
1.334473
1.327148
1.322021
1.323486
1.323486
1.330078
1.330078
1.328613
1.948975
1.343262
1.338867
1.327148
1.322754
1.326416
1.326416
1.327881
1.332275
1.335938
1.335205
1.338135
1.324951
1.322021
1.324219
1.327148
1.327881
1.328613
1.332275
1.331543
1.319092
1.316162
1.319092
1.320557
1.321289
1.327148
1.329346
1.327881
1.317627
1.314697
1.316162
1.319824
1.322021
1.327148
1.327881
1.325684
1.322021
1.313965
1.313965
1.319092
1.321289
1.324219
1.326416
1.327148
1.316162
1.314697
1.313232
1.320557
1.320557
1.322021
1.327881
1.330811
1.320557
1.314697
1.309570
1.317627
1.319824
1.326416
1.327148
1.332275
1.324951
1.319092
1.313965
1.319092
1.321289
1.322021
1.327881
1.329346
1.331543
1.319092
1.317627
1.316162
1.320557
1.324951
1.328613
1.329346
1.332275
1.322754
1.315430
1.317627
1.320557
1.324219
1.325684
1.328613
1.331543
1.320557
1.305176
1.302979
1.303711
1.312500
1.326416
1.315430
1.318359
1.309570
1.304443
1.302979
1.307373
1.311768
1.313232
1.317627
1.316162
1.309570
1.300781
1.304443
1.304443
1.307373
1.316162
1.316162
1.318359
1.316895
1.305908
1.307373
1.309570
1.307373
1.313232
1.313232
1.318359
1.323486
1.316895
1.307373
1.305908
1.309570
1.310303
1.316895
1.319092
1.322021
1.332275
1.321289
1.294189
1.310303
1.311768
1.313232
1.317627
1.324951
1.324219
1.319092
1.321289
1.319824
1.308838
1.302979
1.322021
1.327881
1.322021
1.327881
1.332275
1.322021
1.324951
1.302246
1.314697
1.318359
1.320557
1.318359
1.319824
1.332275
1.330078
1.323486
1.311768
1.317627
1.308105
1.314697
1.323486
1.328613
1.331543
1.332275
1.329346
1.326416
1.313232
1.318359
1.320557
1.323486
1.327881
1.338867
1.329346
1.334473
0.782959
1.321289
1.317627
1.319092
1.319824
1.497803
1.333740
1.336670
1.341064
1.341064
1.335205
1.325684
1.322021
1.325684
1.328613
1.328613
1.332275
1.336670
1.337402
1.332275
1.322754
1.322021
1.325684
1.327148
1.324951
1.333740
1.333740
1.337402
1.329346
1.324951
1.319092
1.322021
1.325684
1.327148
1.334473
1.335938
1.340332
1.333740
1.326416
1.327148
1.324951
1.326416
1.327881
1.332275
1.336670
1.338135
1.334473
1.324951
1.317627
1.322021
1.326416
1.328613
1.325684
1.337402
1.334473
1.329346
1.319824
1.320557
1.321289
1.326416
1.330078
1.332275
1.332275
1.328613
1.320557
1.320557
1.316895
1.319824
1.325684
1.326416
1.330811
1.319092
1.312500
1.316162
1.316895
1.319824
1.322021
1.325684
1.298584
1.305176
1.309570
1.310303
1.314697
1.317627
1.319824
1.309570
1.304443
1.301514
1.305908
1.311768
1.316162
1.310303
1.299316
1.300049
1.302979
1.306641
1.308838
1.313965
1.304443
1.296387
1.298584
1.301514
1.308838
1.311035
1.313965
1.300781
1.297119
1.300049
1.303711
1.308838
1.314697
1.305176
1.292725
1.294922
1.299316
1.302979
1.307373
1.302246
1.291260
1.292725
1.297119
1.295654
1.302246
1.295654
1.288330
1.289063
1.290527
1.292725
1.298584
1.287598
1.282471
1.287598
1.289795
1.294189
1.297852
1.288330
1.283203
1.286865
1.289795
1.294922
1.300049
1.291260
1.282471
1.293457
1.290527
1.294189
1.300049
1.304443
1.298584
1.291992
1.294189
1.295654
1.304443
1.304443
1.313965
1.306641
1.300049
1.292725
1.300049
1.303711
1.308838
1.310303
1.315430
1.317627
1.305908
1.304443
1.306641
1.310303
1.314697
1.319092
1.322021
1.324951
1.319092
1.312500
1.311768
1.317627
1.316162
1.321289
1.325684
1.327881
1.332275
1.327148
1.316895
1.318359
1.318359
1.322754
1.324951
1.332275
1.330811
1.335205
1.330078
1.335205
1.319092
1.323486
1.325684
1.329346
1.333740
1.334473
1.338135
1.341064
1.338135
1.333008
1.326416
1.324951
1.331543
1.333008
1.337402
1.341064
1.340332
1.345459
1.345459
1.340332
1.331543
1.332275
1.333008
1.335205
1.355713
1.327881
1.332275
1.333740
1.333008
1.321289
1.319824
1.318359
1.315430
1.320557
1.324951
1.327881
1.330811
1.341064
1.322754
1.315430
1.309570
1.310303
1.320557
1.328613
1.325684
1.329346
1.341797
1.326416
1.308838
1.315430
1.316162
1.318359
1.319824
1.324951
1.330811
1.330811
1.314697
1.305908
1.311768
1.316895
1.317627
1.332275
1.325684
1.322754
1.317627
1.301514
1.310303
1.314697
1.311768
1.300049
1.319092
1.323486
1.322021
1.308838
1.308105
1.304443
1.317627
1.316895
1.323486
1.327148
1.333008
1.319824
1.314697
1.300781
1.308838
1.316162
1.316162
1.319824
1.324219
1.319824
1.313232
1.313232
1.302979
1.308838
1.318359
1.321289
1.322021
1.329346
1.311768
1.307373
1.305908
1.308838
1.321289
1.311768
1.321289
1.320557
1.319824
1.307373
1.519775
1.316162
1.319092
1.314697
1.320557
1.327881
1.325684
1.319824
1.313965
1.306641
1.317627
1.323486
1.324951
1.324951
1.327881
1.322754
1.315430
1.316162
1.317627
1.322021
1.325684
1.326416
1.322021
1.330078
1.318359
1.317627
1.310303
1.319824
1.322754
1.325684
1.329346
1.334473
1.326416
1.317627
1.317627
1.317627
1.322021
1.325684
1.329346
1.331543
1.333008
1.317627
1.316895
1.319092
1.324219
1.324951
1.326416
1.333740
1.332275
1.335938
1.327148
1.319092
1.319092
1.322021
1.325684
1.327148
1.330078
1.333740
1.331543
1.322754
1.319092
1.320557
1.324219
1.327881
1.330811
1.339600
1.335205
1.330811
1.321289
1.318359
1.323486
1.327148
1.327881
1.332275
1.335205
1.336670
1.327148
1.319092
1.323486
1.323486
1.325684
1.327881
1.333008
1.334473
1.333740
1.327148
1.319092
1.321289
1.324219
1.328613
1.327881
1.333008
1.337402
1.330078
1.322754
1.305908
1.311768
1.313232
1.316162
1.316895
1.322754
1.316895
1.306641
1.308838
1.309570
1.311035
1.316162
1.316895
1.325684
1.313232
1.306641
1.307373
1.305176
1.310303
1.311768
1.312500
1.320557
1.314697
1.302246
1.302246
1.313232
1.308838
1.312500
1.332275
1.305908
1.290527
1.304443
1.297852
1.308838
1.308105
1.309570
1.304443
1.293457
1.294189
1.296387
1.300049
1.304443
1.307373
1.298584
1.294189
1.295654
1.298584
1.306641
1.313965
1.304443
1.300049
1.291992
1.294922
1.298584
1.300781
1.308838
1.305908
1.321289
1.296387
1.306641
1.294922
1.301514
1.302246
1.311035
1.308838
1.311768
1.298584
1.294189
1.295654
1.307373
1.303711
1.300049
1.311035
1.305908
1.301514
1.299316
1.297119
1.292725
1.307373
1.310303
1.307373
1.297119
1.294922
1.290527
1.297852
1.295654
1.307373
1.324219
1.291260
1.304443
1.297119
1.296387
1.305176
1.308838
1.310303
1.317627
1.313232
1.315430
1.300781
1.305908
1.308105
1.305908
1.310303
1.316162
1.318359
1.311768
1.302979
1.303711
1.307373
1.309570
1.311768
1.322021
1.324951
1.324219
1.313232
1.308105
1.311768
1.316162
1.316162
1.322021
1.327148
1.324951
1.317627
1.310303
1.313232
1.316162
1.317627
1.323486
1.326416
1.326416
1.319092
1.302246
1.311768
1.315430
1.320557
1.322021
1.324951
1.324951
1.311768
1.305176
1.313232
1.315430
1.319824
1.324219
1.323486
1.313965
1.307373
1.308105
1.313965
1.313232
1.318359
1.321289
1.322021
1.309570
1.302979
1.309570
1.313965
1.316895
1.319092
1.323486
1.313232
1.307373
1.308105
1.309570
1.314697
1.316895
1.321289
1.322754
1.308105
1.308838
1.308105
1.311768
1.316162
1.317627
1.319092
1.316162
1.307373
1.308838
1.311768
1.314697
1.318359
1.323486
1.319824
1.311768
1.308105
1.311768
1.311768
1.319092
1.319092
1.324951
1.320557
1.311768
1.308838
1.313232
1.316162
1.319092
1.323486
1.324951
1.320557
1.311768
1.313232
1.314697
1.319092
1.320557
1.041504
1.329346
1.322754
1.313232
1.313232
1.315430
1.319092
1.322021
1.324219
1.327148
1.313965
1.304443
1.300781
1.305176
1.296387
1.310303
1.324951
1.330078
1.325684
1.305176
1.307373
1.304443
1.305908
1.316162
1.311768
1.317627
1.316162
1.307373
1.302246
1.309570
1.299316
1.316162
1.315430
1.317627
1.312500
1.309570
1.301514
1.304443
1.308838
1.308838
1.315430
1.317627
1.320557
1.317627
1.294189
1.304443
1.306641
1.312500
1.312500
1.311035
1.319824
1.319092
1.313232
1.308105
1.308838
1.308105
1.311768
1.318359
1.318359
1.323486
1.320557
1.313965
1.308105
1.302979
1.310303
1.313232
1.323486
1.323486
1.322754
1.315430
1.316162
1.318359
1.313965
1.316162
1.317627
1.321289
1.320557
1.325684
1.322021
1.313232
1.310303
1.307373
1.314697
1.322021
1.308838
1.322754
1.317627
1.325684
1.306641
1.313965
1.311035
1.314697
1.316162
1.316162
1.323486
1.322021
1.305176
1.306641
1.305908
1.316895
1.310303
1.317627
1.316162
1.315430
1.294922
1.306641
1.308838
1.314697
1.307373
1.320557
1.316895
1.315430
1.306641
1.301514
1.313232
1.320557
1.498535
1.324219
1.327881
1.329346
1.317627
1.313232
1.313965
1.316895
1.320557
1.323486
1.326416
1.332275
1.322021
1.313965
1.315430
1.314697
1.320557
1.324951
1.326416
1.330078
1.322021
1.312500
1.313232
1.316162
1.316895
1.321289
1.323486
1.327881
1.319092
1.310303
1.311768
1.313232
1.319092
1.323486
1.324951
1.334473
1.323486
1.314697
1.314697
1.316162
1.319824
1.322021
1.324951
1.329346
1.327881
1.324219
1.316162
1.316162
1.319092
1.321289
1.320557
1.330078
1.332275
1.322021
1.317627
1.314697
1.317627
1.322021
1.323486
1.330811
1.330811
1.325684
1.316895
1.314697
1.314697
1.320557
1.323486
1.323486
1.329346
1.326416
1.322021
1.316162
1.324219
1.319092
1.321289
1.326416
1.328613
1.329346
1.320557
1.313965
1.314697
1.317627
1.321289
1.324219
1.327881
1.329346
1.308838
1.311768
1.314697
1.319092
1.320557
1.326416
1.324951
1.324219
1.310303
1.297852
1.300781
1.307373
1.320557
1.312500
1.308838
1.298584
1.313965
1.313965
1.316895
1.317627
1.322021
1.330078
1.315430
1.308838
1.308838
1.308838
1.316895
1.320557
1.324951
1.319092
1.308838
1.306641
1.311035
1.314697
1.318359
1.312500
1.309570
1.298584
1.305176
1.307373
1.311035
1.316895
1.319824
1.321289
1.058350
1.307373
1.305908
1.310303
1.312500
1.304443
1.308838
1.302246
1.300049
1.297119
1.296387
1.302246
1.301514
1.305908
1.310303
1.311035
1.298584
1.295654
1.298584
1.300049
1.310303
1.308105
1.314697
1.305908
1.298584
1.293457
1.301514
1.307373
1.305908
1.317627
1.310303
1.308838
1.297119
1.298584
1.302246
1.304443
1.308838
1.316895
1.314697
1.305908
1.300781
1.298584
1.302979
1.307373
1.309570
1.302979
1.311035
1.302979
1.283936
1.300049
1.302979
1.309570
1.311768
1.313232
1.303711
1.297852
1.308105
1.302979
1.302246
1.308838
1.309570
1.316162
1.308105
1.295654
1.300781
1.302979
1.304443
1.308838
1.314697
1.332275
1.302246
1.299316
1.300049
1.302979
1.304443
1.308838
1.324951
1.309570
1.298584
1.293457
1.295654
1.302246
1.314697
1.307373
1.320557
1.301514
1.294189
1.303711
1.300049
1.302979
1.304443
1.311035
1.293457
1.295654
1.297119
1.302246
1.300781
1.319092
1.316895
1.305908
1.296387
1.294189
1.299316
1.301514
1.307373
1.309570
1.312500
1.316162
1.297852
1.299316
1.303711
1.301514
1.305908
1.314697
1.310303
1.314697
1.298584
1.305908
1.289795
1.302979
1.309570
1.313232
1.323486
1.322754
1.294189
1.291992
1.294189
1.306641
1.314697
1.313232
1.311035
1.321289
1.311768
1.306641
1.304443
1.305176
1.307373
1.314697
1.317627
1.323486
1.322021
1.317627
1.307373
1.307373
1.301514
1.304443
1.302246
1.323486
1.323486
1.322021
1.302979
1.306641
1.302246
1.314697
1.318359
1.326416
1.322754
1.324951
1.327148
1.319092
1.310303
1.281006
1.314697
1.322754
1.308838
1.487549
1.333740
1.337402
1.335205
1.327148
1.323486
1.323486
1.326416
1.324219
1.332275
1.335938
1.341064
1.339600
1.335938
1.328613
1.324219
1.325684
1.328613
1.332275
1.333740
1.339600
1.338867
1.343262
1.341064
1.335205
1.330078
1.327881
1.331543
1.333740
1.343262
1.339600
1.342529
1.344727
1.339600
1.330078
1.327148
1.333008
1.330811
1.333008
1.334473
1.337402
1.341064
1.336670
1.326416
1.324951
1.330811
1.331543
1.331543
1.333740
1.335938
1.336670
1.327148
1.321289
1.313232
1.323486
1.325684
1.329346
1.333740
1.337402
1.331543
1.323486
1.320557
1.322021
1.320557
1.326416
1.332275
1.335205
1.330811
1.320557
1.317627
1.320557
1.322021
1.325684
1.329346
1.330811
1.332275
1.320557
1.317627
1.322021
1.322754
1.326416
1.314697
1.319092
1.320557
1.310303
1.300781
1.305908
1.308838
1.329346
1.316162
1.313232
