0.000000
0.000000
0.005127
0.000732
0.001465
0.002197
0.000732
0.002930
0.002930
0.001465
0.010254
0.010986
0.009521
0.015381
0.012451
0.013916
0.012451
0.013916
0.011719
0.010986
0.085693
0.000732
0.005127
0.008057
0.000000
0.009521
0.013916
0.010254
0.010254
0.005859
0.009521
0.008057
0.008789
0.010254
0.008789
0.008057
0.005127
0.005859
0.011719
0.012451
0.008789
0.006592
0.010986
0.007324
0.038086
0.019775
0.020508
0.019043
0.018311
0.019775
0.017578
0.019043
0.018311
0.019043
0.016846
0.016846
0.016113
0.007324
0.024902
0.000000
0.012451
0.010254
0.010254
0.011719
0.000000
0.020508
0.015381
0.007324
0.022705
0.008057
0.011719
0.011719
0.012451
0.015381
0.010254
0.024902
0.021973
0.017578
0.021973
0.023438
0.019775
0.018311
0.016113
0.019043
0.018311
0.019043
0.016846
0.002930
0.008057
0.010986
0.019775
0.016846
0.013184
0.019775
0.016846
0.016846
0.016846
0.014648
0.019043
0.016113
0.021240
0.019775
0.023438
0.031494
0.014648
0.022705
0.021973
0.019775
0.021973
0.023438
0.031494
0.030029
0.031494
0.030029
0.029297
0.030762
0.032959
0.037354
0.032227
0.034424
0.047607
0.043213
0.061523
0.057129
0.066650
0.069580
0.069580
0.079834
0.095215
0.093750
0.093750
0.081299
0.093750
0.082031
0.104004
0.091553
0.114990
0.101807
0.104004
0.111328
0.113525
0.123779
0.120850
0.131104
0.124512
0.147217
0.142822
0.152344
0.148682
0.155273
0.151611
0.154541
0.153076
0.150879
0.156006
0.158936
0.165527
0.181641
0.175049
0.185303
0.176514
0.191162
0.188232
0.193359
0.199951
0.201416
0.214600
0.207275
0.217529
0.210938
0.224121
0.240967
0.225586
0.243164
0.250488
0.244629
0.262939
0.251221
0.256348
0.265869
0.257080
0.268066
0.283447
0.280518
0.295166
0.304688
0.296631
0.306885
0.317139
0.307617
0.315674
0.322998
0.312744
0.321533
0.333252
0.342773
0.333252
0.336914
0.351563
0.356689
0.343506
0.350830
0.364014
0.360352
0.366211
0.368408
0.377930
0.385986
0.381592
0.387451
0.391113
0.403564
0.402100
0.395508
0.400635
0.410156
0.419678
0.426270
0.420410
0.427002
0.438721
0.444580
0.448242
0.446045
0.441650
0.446045
0.454834
0.462158
0.468018
0.476074
0.481201
0.476074
0.478271
0.476807
0.477539
0.490723
0.492920
0.500244
0.505371
0.517822
0.522217
0.509766
0.492920
0.509033
0.514160
0.528076
0.526611
0.527344
0.532471
0.531738
0.547119
0.544922
0.549316
0.555176
0.561768
0.567627
0.580811
0.580811
0.585205
0.588135
0.591064
0.595459
0.604248
0.599854
0.602051
0.604980
0.605713
0.609375
0.613037
0.615967
0.617432
0.613037
0.602051
0.633545
0.621826
0.639404
0.645996
0.646729
0.638672
0.643799
0.650391
0.653320
0.651855
0.652588
0.654785
0.674561
0.681885
0.683350
0.687012
0.681885
0.684082
0.683350
0.695068
0.705322
0.715576
0.719238
0.717773
0.716309
0.718506
0.721436
0.737549
0.737549
0.734619
0.731689
0.733154
0.746338
0.757324
0.750732
0.742676
0.728027
0.749268
0.764648
0.760986
0.758789
0.758057
0.777100
0.780029
0.775635
0.777832
0.797607
0.793213
0.777832
0.786621
0.805664
0.806396
0.798340
0.810791
0.815186
0.822510
0.818848
0.837158
0.843750
0.831299
0.847412
0.848145
0.840820
0.855469
0.859131
0.852539
0.865723
0.870850
0.864258
0.884033
0.878174
0.870117
0.895752
0.752197
0.877441
0.905273
0.888428
0.895752
0.896484
0.888428
0.908203
0.906006
0.914795
0.913330
0.906006
0.920654
0.916992
0.945557
0.929443
0.929443
0.939697
0.939697
0.958740
0.952881
0.968262
0.959473
0.974854
0.966797
0.980713
0.976318
0.982178
0.981445
0.988037
0.988770
0.995361
0.996094
0.999756
0.995361
1.010010
0.992432
1.007813
1.004883
1.011475
1.002686
1.026855
1.012207
1.021729
1.012207
1.030518
1.023193
1.030518
1.031982
1.032715
1.049561
1.037842
1.052490
1.040771
1.065674
1.071533
1.067871
1.078857
1.067139
1.081055
1.086182
1.080322
1.092041
1.084717
1.081787
1.107422
1.092773
1.104492
1.114746
1.100830
1.112549
1.122070
1.109619
1.122070
1.128662
1.112549
1.123535
1.137451
1.129395
1.137451
1.145508
1.138916
1.141846
1.150635
1.160889
1.144775
1.155762
1.166748
1.174072
1.161621
1.171875
1.190918
1.198975
1.185059
1.194580
1.200439
1.209229
1.209229
1.202637
1.213623
1.220215
1.229736
1.226807
1.223145
1.225342
1.234131
1.242188
1.250244
1.239258
1.238525
1.245850
1.245117
1.252441
1.259033
1.253174
1.250244
1.253174
1.256836
1.267822
1.269287
1.275879
1.285400
1.283936
1.278809
1.278076
1.282471
1.286865
1.302979
1.297852
1.313232
1.321289
1.324219
1.330078
1.333008
1.338135
1.340332
1.339600
1.343994
1.341797
1.343994
1.340332
1.346191
1.345459
1.350586
1.352051
1.356445
1.359375
1.362305
1.363037
1.361572
1.364502
1.370361
1.380615
1.376221
1.373291
1.389404
1.396729
1.393799
1.401855
1.397461
1.402588
1.404785
1.408447
1.408447
1.422363
1.422363
1.421631
1.424561
1.431885
1.445068
1.450928
1.450928
1.449463
1.449463
1.447998
1.447998
1.449463
1.459717
1.468506
1.472900
1.468506
1.467773
1.467041
1.462646
1.481689
1.489014
1.489746
1.484619
1.485352
1.486084
1.490479
1.503662
1.501465
1.499268
1.492676
1.493408
1.505127
1.516846
1.511719
1.508057
1.507324
1.504395
1.516846
1.521973
1.517578
1.513916
1.510986
1.510254
1.521240
1.526367
1.519775
1.516846
1.508789
1.513184
1.512451
1.525635
1.523438
1.515381
1.512451
1.510986
1.510986
1.505859
1.513184
1.518311
1.511719
1.509521
1.505127
1.500732
1.500000
1.490479
1.499268
1.497070
1.505859
1.504395
1.501465
1.494873
1.491943
1.487549
1.485352
1.500732
1.483887
1.484619
1.490479
1.493408
1.493408
1.484619
1.486084
1.481689
1.481689
1.480225
1.474365
1.475098
1.475830
1.489014
1.487549
1.486084
1.483887
1.480225
1.477295
1.475830
1.475830
1.471436
1.470703
1.474365
1.483154
1.490479
1.486084
1.478027
1.482422
1.477295
1.474365
1.472900
1.453857
1.468506
1.473633
1.478760
1.365967
1.484619
1.480225
1.480225
1.478760
1.472900
1.471436
1.469971
1.467773
1.475098
1.484619
1.490479
1.483887
1.483887
1.478760
1.478027
1.475830
1.472900
1.473633
1.472168
1.479492
1.484619
1.484619
1.483154
1.480225
1.477295
1.474365
1.471436
1.469971
1.472900
1.472900
1.484619
1.486084
1.481689
1.491943
1.480225
1.478760
1.476563
1.471436
1.475098
1.475830
1.484619
1.486816
1.485352
1.483154
1.478027
1.478760
1.475830
1.470703
1.468506
1.452393
1.472900
1.475830
1.484619
1.485352
1.479492
1.477295
1.475830
1.474365
1.278076
1.466309
1.468506
1.468506
1.473633
1.481689
1.483154
1.482422
1.476563
1.477295
1.474365
1.473633
1.469971
1.470703
1.475830
1.486084
1.485352
1.487549
1.481689
1.466309
1.478760
1.476563
1.472168
1.463379
1.469238
1.475830
1.477295
1.475830
1.472168
1.469971
1.464111
1.472900
1.460449
1.464111
1.466309
1.478760
1.475098
1.472900
1.467773
1.469971
1.461182
1.465576
1.462646
1.459717
1.460449
1.484619
1.470703
1.474365
1.470703
1.467041
1.465576
1.461914
1.461182
1.459717
1.452393
1.449463
1.460449
1.459717
1.456055
1.453125
1.455322
1.456055
1.459717
1.461182
1.472900
1.467041
1.464111
1.465576
1.464111
1.465576
1.459717
1.458984
1.456055
1.458252
1.460449
1.472168
1.472168
1.475830
1.472900
1.472900
1.467041
1.466309
1.470703
1.466309
1.480225
1.489014
1.485352
1.481689
1.480225
1.478760
1.478760
1.478760
1.486084
1.494873
1.494873
1.490479
1.489014
1.487549
1.481689
1.483887
1.497803
1.500732
1.497803
1.494873
1.494873
1.489746
1.483154
1.491943
1.501465
1.504395
1.499268
1.497803
1.494141
1.492676
1.489746
1.496338
1.504395
1.502930
1.502197
1.493408
1.494873
1.490479
1.487549
1.483154
1.484619
1.485352
1.489014
1.495605
1.492676
1.486084
1.483154
1.480225
1.473633
1.475830
1.472900
1.469971
1.465576
1.464111
1.461182
1.461182
1.465576
1.471436
1.479492
1.477295
1.478027
1.474365
1.472900
1.472168
1.471436
1.468506
1.465576
1.476563
1.481689
1.486084
1.245117
1.480225
1.478760
1.475830
1.474365
1.462646
1.477295
1.481689
1.480957
1.475098
1.476563
1.471436
1.468506
1.467773
1.475830
1.486816
1.484619
1.481689
1.480225
1.475830
1.472168
1.475830
1.480225
1.489014
1.491943
1.494873
1.483154
1.478760
1.475098
1.475830
1.483154
1.492676
1.491943
1.489014
1.486084
1.482422
1.478027
1.482422
1.487549
1.495605
1.497070
1.490479
1.480225
1.485352
1.479492
1.494873
1.497803
1.498535
1.483154
1.494873
1.491943
1.482422
1.486816
1.490479
1.501465
1.497803
1.491211
1.497070
1.749756
1.497803
1.506592
1.510986
1.510986
1.311768
1.494141
1.486084
1.488281
1.097900
1.498535
1.498535
1.486816
1.494873
1.496338
1.490479
1.488281
1.500732
1.524170
1.510254
1.503662
1.500000
1.497803
1.493408
1.500000
1.508057
1.513916
1.508057
1.502930
1.501465
1.487549
1.494873
1.505859
1.511719
1.509521
1.503662
1.497803
1.496338
1.493408
1.496338
1.506592
1.508789
1.505127
1.505859
1.503662
1.496338
1.494873
1.505127
1.513916
1.511719
1.506592
1.501465
1.494873
1.492676
1.497803
1.510986
1.511719
1.506592
1.503662
1.497803
1.494873
1.493408
1.494141
1.507324
1.508057
1.506592
1.502197
1.500732
1.496338
1.490479
1.491211
1.494873
1.505127
1.502930
1.502930
1.497803
1.491943
1.491943
1.489014
1.487549
1.495605
1.503662
1.502197
1.495605
1.497070
1.490479
1.485352
1.483154
1.483154
1.478760
1.486816
1.489746
1.493408
1.489746
1.493408
1.482422
1.478760
1.510986
1.477295
1.477295
1.473633
1.469971
1.478027
1.481689
1.485352
1.481689
1.479492
1.478760
1.474365
1.472168
1.470703
1.467041
1.465576
1.468506
1.471436
1.480225
1.481689
1.480225
1.475830
1.475830
1.472900
1.469238
1.467041
1.464844
1.461182
1.470703
1.477295
1.480957
1.483154
1.480225
1.477295
1.472900
1.474365
1.470703
1.464111
1.465576
1.471436
1.480225
1.481689
1.480225
1.478027
1.472900
1.474365
1.472168
1.469971
1.465576
1.467041
1.469971
1.475098
1.478027
1.481689
1.479492
1.477295
1.477295
1.471436
1.470703
1.452393
1.464844
1.465576
1.467041
1.475830
1.480957
1.479492
1.478760
1.475830
1.475098
1.474365
1.472168
1.467041
1.467041
1.471436
1.476563
1.484619
1.481689
1.485352
1.473633
1.474365
1.472168
1.473633
1.472168
1.469971
1.477295
1.485352
1.485352
1.483887
1.483154
1.482422
1.478027
1.470703
1.475098
1.475830
1.487549
1.493408
1.491211
1.487549
1.483887
1.484619
1.478027
1.475830
1.484619
1.491211
1.494873
1.493408
1.489014
1.491943
1.486816
1.483154
1.486084
1.495605
1.500000
1.480957
1.483154
1.483154
1.487549
1.486084
1.473633
1.482422
1.501465
1.498535
1.475098
1.480225
1.477295
1.475830
1.472900
1.478760
1.486084
1.488281
1.482422
1.489014
1.477295
1.476563
1.475098
1.468506
1.474365
1.484619
1.486084
1.483887
1.484619
1.478760
1.480225
1.474365
1.475830
1.481689
1.492676
1.487549
1.484619
1.481689
1.483154
1.475098
1.470703
1.484619
1.493408
1.496338
1.487549
1.480225
1.472900
1.478027
1.483154
1.486816
1.494873
1.496338
1.486084
1.485352
1.486084
1.479492
1.486816
1.480957
1.490479
1.486084
1.487549
1.474365
1.464111
1.480225
1.475830
1.474365
1.464844
1.480225
1.497803
1.485352
1.486084
1.475830
1.478027
1.478027
1.473633
1.479492
1.493408
1.486816
1.486084
1.480225
1.477295
1.475830
1.550537
1.478760
1.487549
1.494873
1.494873
1.490479
1.487549
1.485352
1.480957
1.477295
1.477295
1.477295
1.472168
1.475830
1.486084
1.487549
1.484619
1.478760
1.480225
1.477295
1.483154
1.491943
1.493408
1.493408
1.487549
1.484619
1.483154
1.480957
1.482422
1.489014
1.490479
1.494873
1.489746
1.489014
1.484619
1.486816
1.482422
1.489014
1.494873
1.501465
1.497803
1.490479
1.489014
1.486084
1.483154
1.489014
1.497070
1.500732
1.496338
1.499268
1.494873
1.490479
1.484619
1.485352
1.487549
1.497803
1.500732
1.496338
1.494141
1.491943
1.489014
1.481689
1.483887
1.492676
1.502197
1.509521
1.496338
1.492676
1.487549
1.486084
1.483154
1.494141
1.502197
1.501465
1.495605
1.496338
1.490479
1.491211
1.487549
1.494873
1.505859
1.503662
1.500732
1.496338
1.494873
1.491211
1.486084
1.500000
1.506592
1.503662
1.501465
1.500732
1.491943
1.493408
1.495605
1.501465
1.507324
1.494873
1.489746
1.487549
1.486816
1.483887
1.484619
1.497803
1.496338
1.490479
1.487549
1.472168
1.483154
1.489014
1.484619
1.494873
1.499268
1.496338
1.491211
1.484619
1.483887
1.487549
1.494141
1.494873
1.493408
1.487549
1.496338
1.484619
1.481689
1.470703
1.486816
1.496338
1.491943
1.487549
1.490479
1.481689
1.483154
1.478027
1.480957
1.493408
1.499268
1.490479
1.483887
1.493408
1.481689
1.476563
1.491943
1.483154
1.503662
1.493408
1.486816
1.484619
1.489014
1.480225
1.483887
1.483887
1.497803
1.491943
1.481689
1.483154
1.503662
1.491211
1.481689
1.483154
1.491943
1.500732
1.498535
1.496338
1.494873
1.486816
1.484619
1.484619
1.494141
1.501465
1.502930
1.497070
1.491943
1.490479
1.486816
1.487549
1.496338
1.503662
1.505127
1.501465
1.496338
1.493408
1.489746
1.493408
1.505859
1.508057
1.504395
1.500732
1.497803
1.491943
1.494141
1.497803
1.508057
1.508057
1.505859
1.496338
1.497803
1.495605
1.500732
1.511719
1.512451
1.503662
1.502930
1.497070
1.497803
1.494873
1.500732
1.511719
1.505127
1.505859
1.499268
1.494873
1.489014
1.489746
1.484619
1.484619
1.484619
1.482422
1.488281
1.492676
1.489014
1.489014
1.483887
1.480957
1.475830
1.474365
1.472900
1.469971
1.478027
1.483154
1.486084
1.489014
1.484619
1.489014
1.483154
1.478760
1.474365
1.469971
1.480225
1.489014
1.490479
1.490479
1.483154
1.481689
1.480225
1.475830
1.484619
1.489746
1.495605
1.494141
1.494141
1.489014
1.485352
1.484619
1.483887
1.491943
1.500732
1.500000
1.498535
1.491943
1.489014
1.489014
1.486816
1.505859
1.505859
1.502197
1.504395
1.498535
1.494141
1.492676
1.503662
1.510254
1.513184
1.500732
1.500000
1.499268
1.497070
1.500732
1.515381
1.512451
1.506592
1.503662
1.503662
1.497803
1.500732
1.510254
1.512451
1.511719
1.506592
1.497070
1.495605
1.494873
1.505127
1.500000
1.500732
1.494141
1.490479
1.494141
1.487549
1.488281
1.495605
1.500000
1.496338
1.483887
1.489746
1.485352
1.484619
1.491943
1.500732
1.500732
1.494873
1.488281
1.490479
1.489746
1.487549
1.500000
1.502197
1.503662
1.491943
1.489014
1.481689
1.486816
1.487549
1.496338
1.497803
1.493408
1.489014
1.493408
1.478760
1.486084
1.488281
1.500000
1.498535
1.492676
1.487549
1.483154
1.483154
1.481689
1.491943
1.491943
1.491943
1.494873
1.485352
1.487549
1.476563
1.486084
1.494873
1.505127
1.494141
1.494873
1.487549
1.483154
1.480957
1.495605
1.493408
1.497803
1.492676
1.488281
1.495605
1.486816
1.489746
1.510986
1.491943
1.497803
1.497070
1.490479
1.491943
1.505127
1.512451
1.507324
1.504395
1.500000
1.500732
1.497070
1.493408
1.508057
1.510986
1.508057
1.502197
1.504395
1.500000
1.491943
1.494873
1.505127
1.509521
1.506592
1.502930
1.497803
1.500732
1.489014
1.497070
1.500732
1.510254
1.502197
1.500732
1.497803
1.492676
1.491211
1.489014
1.496338
1.507324
1.502197
1.500000
1.496338
1.496338
1.491943
1.487549
1.494141
1.502930
1.505127
1.501465
1.500732
1.493408
1.490479
1.486084
1.493408
1.503662
1.502197
1.500732
1.498535
1.494873
1.487549
1.491943
1.497803
1.508057
1.508057
1.506592
1.500732
1.494873
1.493408
1.495605
1.497803
1.507324
1.508057
1.502930
1.500732
1.496338
1.494873
1.491943
1.500000
1.507324
1.508057
1.497803
1.498535
1.491943
1.493408
1.493408
1.500000
1.503662
1.505127
1.502197
1.496338
1.502197
1.491943
1.493408
1.493408
1.502197
1.506592
1.502930
1.498535
1.493408
1.489746
1.478027
1.477295
1.481689
1.494873
1.491943
1.486084
1.485352
1.483154
1.477295
1.477295
1.479492
1.489746
1.490479
1.480957
1.483154
1.481689
1.478760
1.475830
1.481689
1.492676
1.508789
1.489014
1.476563
1.489014
1.480225
1.475830
1.489014
1.496338
1.493408
1.491943
1.487549
1.483887
1.477295
1.478760
1.488281
1.494141
1.490479
1.490479
1.486816
1.479492
1.484619
1.487549
1.490479
1.495605
1.494873
1.493408
1.494873
1.480225
1.483887
1.483154
1.500000
1.499268
1.495605
1.492676
1.485352
1.486084
1.475830
1.499268
1.505859
1.491943
1.491943
1.489014
1.493408
1.486084
1.491943
1.500732
1.497070
1.498535
1.317627
1.489014
1.476563
1.480225
1.503662
1.606201
1.508057
1.500732
1.500000
1.496338
1.494873
1.503662
1.510986
1.507324
1.503662
1.501465
1.500732
1.492676
1.500732
1.505127
1.508057
1.516846
1.502197
1.504395
1.502197
1.494873
1.499268
1.508057
1.509521
1.504395
1.500732
1.500732
1.494873
1.494873
1.505859
1.510986
1.506592
1.505859
1.502197
1.500000
1.497070
1.502197
1.509521
1.510986
1.507324
1.502197
1.500732
1.494873
1.493408
1.505127
1.512451
1.507324
1.500732
1.501465
1.497070
1.493408
1.499268
1.505859
1.510254
1.506592
1.504395
1.500000
1.497070
1.495605
1.491211
1.496338
1.508789
1.502197
1.500000
1.497070
1.490479
1.491943
1.486084
1.486816
1.485352
1.491943
1.494873
1.497803
1.490479
1.489746
1.486084
1.485352
1.480225
1.479492
1.478760
1.481689
1.489746
1.493408
1.491943
1.489014
1.477295
1.480225
1.467041
1.477295
1.475830
1.480957
1.474365
1.478760
1.474365
1.475830
1.475830
1.467773
1.469971
1.463379
1.476563
1.475098
1.480957
1.478760
1.479492
1.478027
1.470703
1.467041
1.464111
1.464844
1.469238
1.475098
1.475830
1.478760
1.475830
1.473633
1.470703
1.464111
1.464844
1.462646
1.471436
1.481689
1.478760
1.479492
1.477295
1.475098
1.470703
1.465576
1.469971
1.475830
1.486084
1.480225
1.482422
1.487549
1.472168
1.474365
1.471436
1.473633
1.471436
1.487549
1.484619
1.481689
1.477295
1.475830
1.476563
1.478027
1.486084
1.489014
1.489014
1.483887
1.481689
1.481689
1.478760
1.474365
1.492676
1.491211
1.481689
1.487549
1.483154
1.478760
1.489746
1.483887
1.496338
1.483154
1.493408
1.487549
1.487549
1.480225
1.480957
1.492676
1.501465
1.492676
1.490479
1.487549
1.485352
1.481689
1.481689
1.478760
1.499268
1.497070
1.490479
1.496338
1.483887
1.482422
1.484619
1.497803
1.494873
1.501465
1.487549
1.489014
1.481689
1.483154
1.482422
1.493408
1.487549
1.487549
1.493408
1.484619
1.483887
1.479492
1.479492
1.478760
1.504395
1.497803
1.486084
1.483154
1.506592
1.489014
1.481689
1.484619
1.493408
1.502197
1.496338
1.493408
1.489746
1.488281
1.489014
1.483887
1.487549
1.494873
1.499268
1.500000
1.490479
1.485352
1.484619
1.483887
1.483887
1.486084
1.494873
1.497070
1.494873
1.491943
1.482422
1.485352
1.482422
1.480225
1.482422
1.489014
1.494873
1.489746
1.489746
1.486084
1.484619
1.479492
1.479492
1.477295
1.483154
1.489014
1.491943
1.490479
1.487549
1.484619
1.480957
1.475098
1.475098
1.479492
1.487549
1.491211
1.494873
1.490479
1.485352
1.483887
1.480225
1.478760
1.475830
1.481689
1.491943
1.491943
1.491943
1.491211
1.483154
1.480225
1.479492
1.480957
1.480225
1.489746
1.494873
1.493408
1.492676
1.489014
1.480225
1.478760
